C:\users\paolo345\My Documents\Image-Line\FL Studio\Support\Logs\Notifications\Notifications 2024-02-06_143612.log
---
06/02/2024 14:33:03 Novation
A controller's script has been updated
---
06/02/2024 14:33:00 KORG Keystage
A controller's script has been updated
---
06/02/2024 14:32:59 Arturia MiniLab MKII
A controller's script has been updated
---
06/02/2024 14:32:52 Arturia MiniLab 3
A controller's script has been updated
---
06/02/2024 14:32:52 Language support update
Update for language: 21.2.2 has been downloaded
---
06/02/2024 14:32:50 Arturia KeyLab MKII
A controller's script has been updated
---
06/02/2024 14:32:50 Language support update
Update for language: 21.2 has been downloaded
---
06/02/2024 14:32:49 Arturia KeyLab Essential mk3
A controller's script has been updated
---
06/02/2024 14:32:48 Language support update
Update for language: 21.0.3 has been downloaded
---
06/02/2024 14:32:47 Arturia KeyLab Essential
A controller's script has been updated
---
